# JRE version: Java(TM) SE Runtime Environment (8.0_121-b13) (build 1.8.0_121-b13)
# Java VM: Java HotSpot(TM) 64-Bit Server VM (25.121-b13 mixed mode bsd-amd64 compressed oops)
Heap:
 PSYoungGen      total 753664K, used 121472K [0x000000076ab00000, 0x00000007a8a00000, 0x00000007c0000000)
  eden space 737280K, 14% used [0x000000076ab00000,0x00000007711d9f10,0x0000000797b00000)
  from space 16384K, 98% used [0x00000007a3900000,0x00000007a48c64d8,0x00000007a4900000)
  to   space 50176K, 0% used [0x00000007a5900000,0x00000007a5900000,0x00000007a8a00000)
 ParOldGen       total 436224K, used 86688K [0x00000006c0000000, 0x00000006daa00000, 0x000000076ab00000)
  object space 436224K, 19% used [0x00000006c0000000,0x00000006c54a8128,0x00000006daa00000)
 Metaspace       used 188443K, capacity 269936K, committed 270144K, reserved 1245184K
  class space    used 49289K, capacity 74993K, committed 75072K, reserved 1048576K
GC Heap History (10 events):
Event: 851.181 GC heap before
{Heap before GC invocations=36 (full 5):
 PSYoungGen      total 909824K, used 909815K [0x000000076ab00000, 0x00000007afd00000, 0x00000007c0000000)
  eden space 877056K, 100% used [0x000000076ab00000,0x00000007a0380000,0x00000007a0380000)
  from space 32768K, 99% used [0x00000007add00000,0x00000007afcfdf98,0x00000007afd00000)
  to   space 51200K, 0% used [0x00000007a9900000,0x00000007a9900000,0x00000007acb00000)
 ParOldGen       total 436224K, used 63658K [0x00000006c0000000, 0x00000006daa00000, 0x000000076ab00000)
  object space 436224K, 14% used [0x00000006c0000000,0x00000006c3e2aa30,0x00000006daa00000)
 Metaspace       used 178487K, capacity 249710K, committed 249792K, reserved 1230848K
  class space    used 46285K, capacity 68733K, committed 68800K, reserved 1048576K
Event: 851.202 GC heap after
Heap after GC invocations=36 (full 5):
 PSYoungGen      total 881152K, used 34801K [0x000000076ab00000, 0x00000007add80000, 0x00000007c0000000)
  eden space 846336K, 0% used [0x000000076ab00000,0x000000076ab00000,0x000000079e580000)
  from space 34816K, 99% used [0x00000007a9900000,0x00000007abafc4c0,0x00000007abb00000)
  to   space 35328K, 0% used [0x00000007abb00000,0x00000007abb00000,0x00000007add80000)
 ParOldGen       total 436224K, used 63666K [0x00000006c0000000, 0x00000006daa00000, 0x000000076ab00000)
  object space 436224K, 14% used [0x00000006c0000000,0x00000006c3e2ca30,0x00000006daa00000)
 Metaspace       used 178487K, capacity 249710K, committed 249792K, reserved 1230848K
  class space    used 46285K, capacity 68733K, committed 68800K, reserved 1048576K
}
Event: 880.914 GC heap before
{Heap before GC invocations=37 (full 5):
 PSYoungGen      total 881152K, used 880370K [0x000000076ab00000, 0x00000007add80000, 0x00000007c0000000)
  eden space 846336K, 99% used [0x000000076ab00000,0x000000079e4c06b0,0x000000079e580000)
  from space 34816K, 99% used [0x00000007a9900000,0x00000007abafc4c0,0x00000007abb00000)
  to   space 35328K, 0% used [0x00000007abb00000,0x00000007abb00000,0x00000007add80000)
 ParOldGen       total 436224K, used 63666K [0x00000006c0000000, 0x00000006daa00000, 0x000000076ab00000)
  object space 436224K, 14% used [0x00000006c0000000,0x00000006c3e2ca30,0x00000006daa00000)
 Metaspace       used 179816K, capacity 252050K, committed 252224K, reserved 1232896K
  class space    used 46628K, capacity 69391K, committed 69440K, reserved 1048576K
Event: 880.933 GC heap after
Heap after GC invocations=37 (full 5):
 PSYoungGen      total 852480K, used 35301K [0x000000076ab00000, 0x00000007add80000, 0x00000007c0000000)
  eden space 817152K, 0% used [0x000000076ab00000,0x000000076ab00000,0x000000079c900000)
  from space 35328K, 99% used [0x00000007abb00000,0x00000007add79710,0x00000007add80000)
  to   space 52224K, 0% used [0x00000007a7780000,0x00000007a7780000,0x00000007aaa80000)
 ParOldGen       total 436224K, used 63859K [0x00000006c0000000, 0x00000006daa00000, 0x000000076ab00000)
  object space 436224K, 14% used [0x00000006c0000000,0x00000006c3e5cfd8,0x00000006daa00000)
 Metaspace       used 179816K, capacity 252050K, committed 252224K, reserved 1232896K
  class space    used 46628K, capacity 69391K, committed 69440K, reserved 1048576K
}
Event: 926.823 GC heap before
{Heap before GC invocations=38 (full 5):
 PSYoungGen      total 852480K, used 852453K [0x000000076ab00000, 0x00000007add80000, 0x00000007c0000000)
  eden space 817152K, 100% used [0x000000076ab00000,0x000000079c900000,0x000000079c900000)
  from space 35328K, 99% used [0x00000007abb00000,0x00000007add79710,0x00000007add80000)
  to   space 52224K, 0% used [0x00000007a7780000,0x00000007a7780000,0x00000007aaa80000)
 ParOldGen       total 436224K, used 63859K [0x00000006c0000000, 0x00000006daa00000, 0x000000076ab00000)
  object space 436224K, 14% used [0x00000006c0000000,0x00000006c3e5cfd8,0x00000006daa00000)
 Metaspace       used 184160K, capacity 261538K, committed 261696K, reserved 1239040K
  class space    used 48020K, capacity 72387K, committed 72512K, reserved 1048576K
Event: 926.851 GC heap after
Heap after GC invocations=38 (full 5):
 PSYoungGen      total 807936K, used 18093K [0x000000076ab00000, 0x00000007abb80000, 0x00000007c0000000)
  eden space 789504K, 0% used [0x000000076ab00000,0x000000076ab00000,0x000000079ae00000)
  from space 18432K, 98% used [0x00000007a7780000,0x00000007a892b7f0,0x00000007a8980000)
  to   space 51200K, 0% used [0x00000007a8980000,0x00000007a8980000,0x00000007abb80000)
 ParOldGen       total 436224K, used 82362K [0x00000006c0000000, 0x00000006daa00000, 0x000000076ab00000)
  object space 436224K, 18% used [0x00000006c0000000,0x00000006c506e938,0x00000006daa00000)
 Metaspace       used 184160K, capacity 261538K, committed 261696K, reserved 1239040K
  class space    used 48020K, capacity 72387K, committed 72512K, reserved 1048576K
}
Event: 974.579 GC heap before
{Heap before GC invocations=39 (full 5):
 PSYoungGen      total 807936K, used 807597K [0x000000076ab00000, 0x00000007abb80000, 0x00000007c0000000)
  eden space 789504K, 100% used [0x000000076ab00000,0x000000079ae00000,0x000000079ae00000)
  from space 18432K, 98% used [0x00000007a7780000,0x00000007a892b7f0,0x00000007a8980000)
  to   space 51200K, 0% used [0x00000007a8980000,0x00000007a8980000,0x00000007abb80000)
 ParOldGen       total 436224K, used 82362K [0x00000006c0000000, 0x00000006daa00000, 0x000000076ab00000)
  object space 436224K, 18% used [0x00000006c0000000,0x00000006c506e938,0x00000006daa00000)
 Metaspace       used 188198K, capacity 269508K, committed 269760K, reserved 1245184K
  class space    used 49236K, capacity 74877K, committed 74944K, reserved 1048576K
Event: 974.593 GC heap after
Heap after GC invocations=39 (full 5):
 PSYoungGen      total 781824K, used 18620K [0x000000076ab00000, 0x00000007a9c00000, 0x00000007c0000000)
  eden space 762880K, 0% used [0x000000076ab00000,0x000000076ab00000,0x0000000799400000)
  from space 18944K, 98% used [0x00000007a8980000,0x00000007a9baf108,0x00000007a9c00000)
  to   space 50688K, 0% used [0x00000007a3900000,0x00000007a3900000,0x00000007a6a80000)
 ParOldGen       total 436224K, used 82370K [0x00000006c0000000, 0x00000006daa00000, 0x000000076ab00000)
  object space 436224K, 18% used [0x00000006c0000000,0x00000006c5070938,0x00000006daa00000)
 Metaspace       used 188198K, capacity 269508K, committed 269760K, reserved 1245184K
  class space    used 49236K, capacity 74877K, committed 74944K, reserved 1048576K
}
Event: 1098.831 GC heap before
{Heap before GC invocations=40 (full 5):
 PSYoungGen      total 781824K, used 781500K [0x000000076ab00000, 0x00000007a9c00000, 0x00000007c0000000)
  eden space 762880K, 100% used [0x000000076ab00000,0x0000000799400000,0x0000000799400000)
  from space 18944K, 98% used [0x00000007a8980000,0x00000007a9baf108,0x00000007a9c00000)
  to   space 50688K, 0% used [0x00000007a3900000,0x00000007a3900000,0x00000007a6a80000)
 ParOldGen       total 436224K, used 82370K [0x00000006c0000000, 0x00000006daa00000, 0x000000076ab00000)
  object space 436224K, 18% used [0x00000006c0000000,0x00000006c5070938,0x00000006daa00000)
 Metaspace       used 188375K, capacity 269784K, committed 270016K, reserved 1245184K
  class space    used 49266K, capacity 74941K, committed 74944K, reserved 1048576K
Event: 1098.848 GC heap after
Heap after GC invocations=40 (full 5):
 PSYoungGen      total 753664K, used 16153K [0x000000076ab00000, 0x00000007a8a00000, 0x00000007c0000000)
  eden space 737280K, 0% used [0x000000076ab00000,0x000000076ab00000,0x0000000797b00000)
  from space 16384K, 98% used [0x00000007a3900000,0x00000007a48c64d8,0x00000007a4900000)
  to   space 50176K, 0% used [0x00000007a5900000,0x00000007a5900000,0x00000007a8a00000)
 ParOldGen       total 436224K, used 86688K [0x00000006c0000000, 0x00000006daa00000, 0x000000076ab00000)
  object space 436224K, 19% used [0x00000006c0000000,0x00000006c54a8128,0x00000006daa00000)
 Metaspace       used 188375K, capacity 269784K, committed 270016K, reserved 1245184K
  class space    used 49266K, capacity 74941K, committed 74944K, reserved 1048576K
}

